android/app/build/intermediates/manifest_merge_blame_file/release/manifest-merger-blame-release-report.txt
1<?xml version="1.0" encoding="utf-8"?>
2<manifest xmlns:android="http://schemas.android.com/apk/res/android"
3    package="com.ucheed.matc"
4    android:versionCode="1"
5    android:versionName="1.0" >
6
7    <uses-sdk
8        android:minSdkVersion="21"
8-->src/main/AndroidManifest.xml
9        android:targetSdkVersion="29" />
9-->src/main/AndroidManifest.xml
10
11    <uses-permission android:name="android.permission.INTERNET" />
11-->src/main/AndroidManifest.xml:4:5-67
11-->src/main/AndroidManifest.xml:4:22-64
12    <uses-permission android:name="android.permission.REQUEST_IGNORE_BATTERY_OPTIMIZATIONS" />
12-->[:react-native-platform] AndroidManifest.xml:9:5-95
12-->[:react-native-platform] AndroidManifest.xml:9:22-92
13    <uses-permission android:name="com.huawei.systemmanager.permission.ACCESS_INTERFACE" />
13-->[:react-native-platform] AndroidManifest.xml:10:5-92
13-->[:react-native-platform] AndroidManifest.xml:10:22-89
14
15    <application
15-->src/main/AndroidManifest.xml:6:5-28:19
16        android:name="com.ucheed.matc.MainApplication"
16-->src/main/AndroidManifest.xml:7:7-38
17        android:allowBackup="false"
17-->src/main/AndroidManifest.xml:11:7-34
18        android:appComponentFactory="androidx.core.app.CoreComponentFactory"
18-->[androidx.core:core:1.1.0] AndroidManifest.xml:24:18-86
19        android:icon="@mipmap/ic_launcher"
19-->src/main/AndroidManifest.xml:9:7-41
20        android:label="@string/app_name"
20-->src/main/AndroidManifest.xml:8:7-39
21        android:roundIcon="@mipmap/ic_launcher_round"
21-->src/main/AndroidManifest.xml:10:7-52
22        android:theme="@style/AppTheme" >
22-->src/main/AndroidManifest.xml:12:7-38
23        <meta-data
23-->src/main/AndroidManifest.xml:13:7-16:11
24            android:name="com.facebook.sdk.ApplicationId"
24-->src/main/AndroidManifest.xml:14:7-52
25            android:value="@string/facebook_app_id" />
25-->src/main/AndroidManifest.xml:15:3-42
26
27        <activity
27-->src/main/AndroidManifest.xml:17:7-27:18
28            android:name="com.ucheed.matc.MainActivity"
28-->src/main/AndroidManifest.xml:18:9-37
29            android:configChanges="keyboard|keyboardHidden|orientation|screenSize|uiMode"
29-->src/main/AndroidManifest.xml:20:9-86
30            android:label="@string/app_name"
30-->src/main/AndroidManifest.xml:19:9-41
31            android:launchMode="singleTask"
31-->src/main/AndroidManifest.xml:21:9-40
32            android:windowSoftInputMode="adjustResize" >
32-->src/main/AndroidManifest.xml:22:9-51
33            <intent-filter>
33-->src/main/AndroidManifest.xml:23:9-26:25
34                <action android:name="android.intent.action.MAIN" />
34-->src/main/AndroidManifest.xml:24:13-65
34-->src/main/AndroidManifest.xml:24:21-62
35
36                <category android:name="android.intent.category.LAUNCHER" />
36-->src/main/AndroidManifest.xml:25:13-73
36-->src/main/AndroidManifest.xml:25:23-70
37            </intent-filter>
38        </activity>
39    </application>
40
41</manifest>